[20-May-2025 13:04:10 Europe/Berlin] PHP Warning:  Undefined array key "Privacy" in C:\xampp\htdocs\Thesis_Repository\php\reviewer\updatethesis_status.php on line 33
[20-May-2025 13:04:17 Europe/Berlin] PHP Warning:  Undefined array key "Privacy" in C:\xampp\htdocs\Thesis_Repository\php\reviewer\updatethesis_status.php on line 33
[20-May-2025 13:09:21 Europe/Berlin] PHP Warning:  Undefined array key "Privacy" in C:\xampp\htdocs\Thesis_Repository\php\reviewer\updatethesis_status.php on line 33
[20-May-2025 13:18:53 Europe/Berlin] PHP Warning:  Undefined array key "Privacy" in C:\xampp\htdocs\Thesis_Repository\php\reviewer\updatethesis_status.php on line 33
[20-May-2025 13:19:22 Europe/Berlin] PHP Warning:  Undefined array key "Privacy" in C:\xampp\htdocs\Thesis_Repository\php\reviewer\updatethesis_status.php on line 33
[20-May-2025 13:31:10 Europe/Berlin] PHP Warning:  Undefined array key "Privacy" in C:\xampp\htdocs\Thesis_Repository\php\reviewer\updatethesis_status.php on line 33
[20-May-2025 13:31:10 Europe/Berlin] Thesis is not public or missing: Array
(
    [id] => 47
    [student_id] => 1638482254
    [fname] => ken
    [lname] => fsdfasdf
    [title] => heyow
    [abstract] => test mic test
    [ThesisFile] => heyow_1638482254_1747669270.pdf
    [reviewer_id] => 536824103
    [status] => approved
    [created_at] => 2025-05-16 02:23:57
    [updated] => 2025-05-20 18:53:04
)

